  Application.cpp
E:\Download\Voxel-Like\Voxel-Like\FinalProject\FinalProject\Application.cpp(81,27): warning C4305: 'argument': truncation from 'double' to 'float'
E:\Download\Voxel-Like\Voxel-Like\FinalProject\FinalProject\Application.cpp(81,22): warning C4305: 'argument': truncation from 'double' to 'float'
E:\Download\Voxel-Like\Voxel-Like\FinalProject\FinalProject\Application.cpp(87,35): warning C4305: 'argument': truncation from 'double' to 'float'
E:\Download\Voxel-Like\Voxel-Like\FinalProject\FinalProject\Application.cpp(87,28): warning C4305: 'argument': truncation from 'double' to 'float'
E:\Download\Voxel-Like\Voxel-Like\FinalProject\FinalProject\Application.cpp(87,21): warning C4305: 'argument': truncation from 'double' to 'float'
E:\Download\Voxel-Like\Voxel-Like\FinalProject\FinalProject\Application.cpp(88,27): warning C4305: 'argument': truncation from 'double' to 'float'
E:\Download\Voxel-Like\Voxel-Like\FinalProject\FinalProject\Application.cpp(88,22): warning C4305: 'argument': truncation from 'double' to 'float'
E:\Download\Voxel-Like\Voxel-Like\FinalProject\FinalProject\Application.cpp(88,17): warning C4305: 'argument': truncation from 'double' to 'float'
E:\Download\Voxel-Like\Voxel-Like\FinalProject\FinalProject\Application.cpp(92,35): warning C4305: 'argument': truncation from 'double' to 'float'
E:\Download\Voxel-Like\Voxel-Like\FinalProject\FinalProject\Application.cpp(92,28): warning C4305: 'argument': truncation from 'double' to 'float'
E:\Download\Voxel-Like\Voxel-Like\FinalProject\FinalProject\Application.cpp(92,21): warning C4305: 'argument': truncation from 'double' to 'float'
E:\Download\Voxel-Like\Voxel-Like\FinalProject\FinalProject\Application.cpp(96,34): warning C4305: 'argument': truncation from 'double' to 'float'
E:\Download\Voxel-Like\Voxel-Like\FinalProject\FinalProject\Application.cpp(96,28): warning C4305: 'argument': truncation from 'double' to 'float'
E:\Download\Voxel-Like\Voxel-Like\FinalProject\FinalProject\Application.cpp(96,21): warning C4305: 'argument': truncation from 'double' to 'float'
E:\Download\Voxel-Like\Voxel-Like\FinalProject\FinalProject\Application.cpp(100,34): warning C4305: 'argument': truncation from 'double' to 'float'
E:\Download\Voxel-Like\Voxel-Like\FinalProject\FinalProject\Application.cpp(100,28): warning C4305: 'argument': truncation from 'double' to 'float'
E:\Download\Voxel-Like\Voxel-Like\FinalProject\FinalProject\Application.cpp(100,21): warning C4305: 'argument': truncation from 'double' to 'float'
E:\Download\Voxel-Like\Voxel-Like\FinalProject\FinalProject\Application.cpp(106,32): warning C4305: 'argument': truncation from 'double' to 'float'
E:\Download\Voxel-Like\Voxel-Like\FinalProject\FinalProject\Application.cpp(106,27): warning C4305: 'argument': truncation from 'double' to 'float'
E:\Download\Voxel-Like\Voxel-Like\FinalProject\FinalProject\Application.cpp(106,21): warning C4305: 'argument': truncation from 'double' to 'float'
E:\Download\Voxel-Like\Voxel-Like\FinalProject\FinalProject\Application.cpp(107,27): warning C4305: 'argument': truncation from 'double' to 'float'
E:\Download\Voxel-Like\Voxel-Like\FinalProject\FinalProject\Application.cpp(107,22): warning C4305: 'argument': truncation from 'double' to 'float'
E:\Download\Voxel-Like\Voxel-Like\FinalProject\FinalProject\Application.cpp(112,31): warning C4305: 'argument': truncation from 'double' to 'float'
E:\Download\Voxel-Like\Voxel-Like\FinalProject\FinalProject\Application.cpp(112,26): warning C4305: 'argument': truncation from 'double' to 'float'
E:\Download\Voxel-Like\Voxel-Like\FinalProject\FinalProject\Application.cpp(113,27): warning C4305: 'argument': truncation from 'double' to 'float'
E:\Download\Voxel-Like\Voxel-Like\FinalProject\FinalProject\Application.cpp(113,22): warning C4305: 'argument': truncation from 'double' to 'float'
E:\Download\Voxel-Like\Voxel-Like\FinalProject\FinalProject\Application.cpp(118,32): warning C4305: 'argument': truncation from 'double' to 'float'
E:\Download\Voxel-Like\Voxel-Like\FinalProject\FinalProject\Application.cpp(118,27): warning C4305: 'argument': truncation from 'double' to 'float'
E:\Download\Voxel-Like\Voxel-Like\FinalProject\FinalProject\Application.cpp(118,21): warning C4305: 'argument': truncation from 'double' to 'float'
E:\Download\Voxel-Like\Voxel-Like\FinalProject\FinalProject\Application.cpp(119,27): warning C4305: 'argument': truncation from 'double' to 'float'
E:\Download\Voxel-Like\Voxel-Like\FinalProject\FinalProject\Application.cpp(119,22): warning C4305: 'argument': truncation from 'double' to 'float'
E:\Download\Voxel-Like\Voxel-Like\FinalProject\FinalProject\Application.cpp(125,27): warning C4305: 'argument': truncation from 'double' to 'float'
E:\Download\Voxel-Like\Voxel-Like\FinalProject\FinalProject\Application.cpp(125,22): warning C4305: 'argument': truncation from 'double' to 'float'
E:\Download\Voxel-Like\Voxel-Like\FinalProject\FinalProject\Application.cpp(131,34): warning C4305: 'argument': truncation from 'double' to 'float'
E:\Download\Voxel-Like\Voxel-Like\FinalProject\FinalProject\Application.cpp(131,27): warning C4305: 'argument': truncation from 'double' to 'float'
E:\Download\Voxel-Like\Voxel-Like\FinalProject\FinalProject\Application.cpp(131,20): warning C4305: 'argument': truncation from 'double' to 'float'
E:\Download\Voxel-Like\Voxel-Like\FinalProject\FinalProject\Application.cpp(132,27): warning C4305: 'argument': truncation from 'double' to 'float'
E:\Download\Voxel-Like\Voxel-Like\FinalProject\FinalProject\Application.cpp(132,22): warning C4305: 'argument': truncation from 'double' to 'float'
E:\Download\Voxel-Like\Voxel-Like\FinalProject\FinalProject\Application.cpp(132,17): warning C4305: 'argument': truncation from 'double' to 'float'
E:\Download\Voxel-Like\Voxel-Like\FinalProject\FinalProject\Application.cpp(136,34): warning C4305: 'argument': truncation from 'double' to 'float'
E:\Download\Voxel-Like\Voxel-Like\FinalProject\FinalProject\Application.cpp(136,27): warning C4305: 'argument': truncation from 'double' to 'float'
E:\Download\Voxel-Like\Voxel-Like\FinalProject\FinalProject\Application.cpp(136,20): warning C4305: 'argument': truncation from 'double' to 'float'
E:\Download\Voxel-Like\Voxel-Like\FinalProject\FinalProject\Application.cpp(140,33): warning C4305: 'argument': truncation from 'double' to 'float'
E:\Download\Voxel-Like\Voxel-Like\FinalProject\FinalProject\Application.cpp(140,27): warning C4305: 'argument': truncation from 'double' to 'float'
E:\Download\Voxel-Like\Voxel-Like\FinalProject\FinalProject\Application.cpp(140,20): warning C4305: 'argument': truncation from 'double' to 'float'
E:\Download\Voxel-Like\Voxel-Like\FinalProject\FinalProject\Application.cpp(144,33): warning C4305: 'argument': truncation from 'double' to 'float'
E:\Download\Voxel-Like\Voxel-Like\FinalProject\FinalProject\Application.cpp(144,27): warning C4305: 'argument': truncation from 'double' to 'float'
E:\Download\Voxel-Like\Voxel-Like\FinalProject\FinalProject\Application.cpp(144,20): warning C4305: 'argument': truncation from 'double' to 'float'
E:\Download\Voxel-Like\Voxel-Like\FinalProject\FinalProject\Application.cpp(149,26): warning C4305: 'argument': truncation from 'double' to 'float'
E:\Download\Voxel-Like\Voxel-Like\FinalProject\FinalProject\Application.cpp(149,20): warning C4305: 'argument': truncation from 'double' to 'float'
E:\Download\Voxel-Like\Voxel-Like\FinalProject\FinalProject\Application.cpp(150,27): warning C4305: 'argument': truncation from 'double' to 'float'
E:\Download\Voxel-Like\Voxel-Like\FinalProject\FinalProject\Application.cpp(150,22): warning C4305: 'argument': truncation from 'double' to 'float'
E:\Download\Voxel-Like\Voxel-Like\FinalProject\FinalProject\Application.cpp(155,25): warning C4305: 'argument': truncation from 'double' to 'float'
E:\Download\Voxel-Like\Voxel-Like\FinalProject\FinalProject\Application.cpp(156,27): warning C4305: 'argument': truncation from 'double' to 'float'
E:\Download\Voxel-Like\Voxel-Like\FinalProject\FinalProject\Application.cpp(156,22): warning C4305: 'argument': truncation from 'double' to 'float'
E:\Download\Voxel-Like\Voxel-Like\FinalProject\FinalProject\Application.cpp(161,26): warning C4305: 'argument': truncation from 'double' to 'float'
E:\Download\Voxel-Like\Voxel-Like\FinalProject\FinalProject\Application.cpp(161,20): warning C4305: 'argument': truncation from 'double' to 'float'
E:\Download\Voxel-Like\Voxel-Like\FinalProject\FinalProject\Application.cpp(162,27): warning C4305: 'argument': truncation from 'double' to 'float'
E:\Download\Voxel-Like\Voxel-Like\FinalProject\FinalProject\Application.cpp(162,22): warning C4305: 'argument': truncation from 'double' to 'float'
E:\Download\Voxel-Like\Voxel-Like\FinalProject\FinalProject\Application.cpp(168,27): warning C4305: 'argument': truncation from 'double' to 'float'
E:\Download\Voxel-Like\Voxel-Like\FinalProject\FinalProject\Application.cpp(168,22): warning C4305: 'argument': truncation from 'double' to 'float'
E:\Download\Voxel-Like\Voxel-Like\FinalProject\FinalProject\Application.cpp(174,34): warning C4305: 'argument': truncation from 'double' to 'float'
E:\Download\Voxel-Like\Voxel-Like\FinalProject\FinalProject\Application.cpp(174,28): warning C4305: 'argument': truncation from 'double' to 'float'
E:\Download\Voxel-Like\Voxel-Like\FinalProject\FinalProject\Application.cpp(174,21): warning C4305: 'argument': truncation from 'double' to 'float'
E:\Download\Voxel-Like\Voxel-Like\FinalProject\FinalProject\Application.cpp(175,27): warning C4305: 'argument': truncation from 'double' to 'float'
E:\Download\Voxel-Like\Voxel-Like\FinalProject\FinalProject\Application.cpp(175,22): warning C4305: 'argument': truncation from 'double' to 'float'
E:\Download\Voxel-Like\Voxel-Like\FinalProject\FinalProject\Application.cpp(175,17): warning C4305: 'argument': truncation from 'double' to 'float'
E:\Download\Voxel-Like\Voxel-Like\FinalProject\FinalProject\Application.cpp(179,34): warning C4305: 'argument': truncation from 'double' to 'float'
E:\Download\Voxel-Like\Voxel-Like\FinalProject\FinalProject\Application.cpp(179,28): warning C4305: 'argument': truncation from 'double' to 'float'
E:\Download\Voxel-Like\Voxel-Like\FinalProject\FinalProject\Application.cpp(179,21): warning C4305: 'argument': truncation from 'double' to 'float'
E:\Download\Voxel-Like\Voxel-Like\FinalProject\FinalProject\Application.cpp(183,34): warning C4305: 'argument': truncation from 'double' to 'float'
E:\Download\Voxel-Like\Voxel-Like\FinalProject\FinalProject\Application.cpp(183,28): warning C4305: 'argument': truncation from 'double' to 'float'
E:\Download\Voxel-Like\Voxel-Like\FinalProject\FinalProject\Application.cpp(183,21): warning C4305: 'argument': truncation from 'double' to 'float'
E:\Download\Voxel-Like\Voxel-Like\FinalProject\FinalProject\Application.cpp(187,34): warning C4305: 'argument': truncation from 'double' to 'float'
E:\Download\Voxel-Like\Voxel-Like\FinalProject\FinalProject\Application.cpp(187,28): warning C4305: 'argument': truncation from 'double' to 'float'
E:\Download\Voxel-Like\Voxel-Like\FinalProject\FinalProject\Application.cpp(187,21): warning C4305: 'argument': truncation from 'double' to 'float'
E:\Download\Voxel-Like\Voxel-Like\FinalProject\FinalProject\Application.cpp(193,27): warning C4305: 'argument': truncation from 'double' to 'float'
E:\Download\Voxel-Like\Voxel-Like\FinalProject\FinalProject\Application.cpp(193,21): warning C4305: 'argument': truncation from 'double' to 'float'
E:\Download\Voxel-Like\Voxel-Like\FinalProject\FinalProject\Application.cpp(194,27): warning C4305: 'argument': truncation from 'double' to 'float'
E:\Download\Voxel-Like\Voxel-Like\FinalProject\FinalProject\Application.cpp(194,22): warning C4305: 'argument': truncation from 'double' to 'float'
E:\Download\Voxel-Like\Voxel-Like\FinalProject\FinalProject\Application.cpp(199,26): warning C4305: 'argument': truncation from 'double' to 'float'
E:\Download\Voxel-Like\Voxel-Like\FinalProject\FinalProject\Application.cpp(200,27): warning C4305: 'argument': truncation from 'double' to 'float'
E:\Download\Voxel-Like\Voxel-Like\FinalProject\FinalProject\Application.cpp(200,22): warning C4305: 'argument': truncation from 'double' to 'float'
E:\Download\Voxel-Like\Voxel-Like\FinalProject\FinalProject\Application.cpp(205,27): warning C4305: 'argument': truncation from 'double' to 'float'
E:\Download\Voxel-Like\Voxel-Like\FinalProject\FinalProject\Application.cpp(205,21): warning C4305: 'argument': truncation from 'double' to 'float'
E:\Download\Voxel-Like\Voxel-Like\FinalProject\FinalProject\Application.cpp(206,27): warning C4305: 'argument': truncation from 'double' to 'float'
E:\Download\Voxel-Like\Voxel-Like\FinalProject\FinalProject\Application.cpp(206,22): warning C4305: 'argument': truncation from 'double' to 'float'
E:\Download\Voxel-Like\Voxel-Like\FinalProject\FinalProject\Application.cpp(212,27): warning C4305: 'argument': truncation from 'double' to 'float'
E:\Download\Voxel-Like\Voxel-Like\FinalProject\FinalProject\Application.cpp(212,22): warning C4305: 'argument': truncation from 'double' to 'float'
E:\Download\Voxel-Like\Voxel-Like\FinalProject\FinalProject\Application.cpp(218,34): warning C4305: 'argument': truncation from 'double' to 'float'
E:\Download\Voxel-Like\Voxel-Like\FinalProject\FinalProject\Application.cpp(218,28): warning C4305: 'argument': truncation from 'double' to 'float'
E:\Download\Voxel-Like\Voxel-Like\FinalProject\FinalProject\Application.cpp(218,21): warning C4305: 'argument': truncation from 'double' to 'float'
E:\Download\Voxel-Like\Voxel-Like\FinalProject\FinalProject\Application.cpp(219,27): warning C4305: 'argument': truncation from 'double' to 'float'
E:\Download\Voxel-Like\Voxel-Like\FinalProject\FinalProject\Application.cpp(219,22): warning C4305: 'argument': truncation from 'double' to 'float'
E:\Download\Voxel-Like\Voxel-Like\FinalProject\FinalProject\Application.cpp(219,17): warning C4305: 'argument': truncation from 'double' to 'float'
E:\Download\Voxel-Like\Voxel-Like\FinalProject\FinalProject\Application.cpp(223,34): warning C4305: 'argument': truncation from 'double' to 'float'
E:\Download\Voxel-Like\Voxel-Like\FinalProject\FinalProject\Application.cpp(223,28): warning C4305: 'argument': truncation from 'double' to 'float'
E:\Download\Voxel-Like\Voxel-Like\FinalProject\FinalProject\Application.cpp(223,21): warning C4305: 'argument': truncation from 'double' to 'float'
E:\Download\Voxel-Like\Voxel-Like\FinalProject\FinalProject\Application.cpp(227,34): warning C4305: 'argument': truncation from 'double' to 'float'
E:\Download\Voxel-Like\Voxel-Like\FinalProject\FinalProject\Application.cpp(227,28): warning C4305: 'argument': truncation from 'double' to 'float'
E:\Download\Voxel-Like\Voxel-Like\FinalProject\FinalProject\Application.cpp(227,21): warning C4305: 'argument': truncation from 'double' to 'float'
E:\Download\Voxel-Like\Voxel-Like\FinalProject\FinalProject\Application.cpp(231,34): warning C4305: 'argument': truncation from 'double' to 'float'
E:\Download\Voxel-Like\Voxel-Like\FinalProject\FinalProject\Application.cpp(231,28): warning C4305: 'argument': truncation from 'double' to 'float'
E:\Download\Voxel-Like\Voxel-Like\FinalProject\FinalProject\Application.cpp(231,21): warning C4305: 'argument': truncation from 'double' to 'float'
E:\Download\Voxel-Like\Voxel-Like\FinalProject\FinalProject\Application.cpp(237,27): warning C4305: 'argument': truncation from 'double' to 'float'
E:\Download\Voxel-Like\Voxel-Like\FinalProject\FinalProject\Application.cpp(237,21): warning C4305: 'argument': truncation from 'double' to 'float'
E:\Download\Voxel-Like\Voxel-Like\FinalProject\FinalProject\Application.cpp(238,27): warning C4305: 'argument': truncation from 'double' to 'float'
E:\Download\Voxel-Like\Voxel-Like\FinalProject\FinalProject\Application.cpp(238,22): warning C4305: 'argument': truncation from 'double' to 'float'
E:\Download\Voxel-Like\Voxel-Like\FinalProject\FinalProject\Application.cpp(243,26): warning C4305: 'argument': truncation from 'double' to 'float'
E:\Download\Voxel-Like\Voxel-Like\FinalProject\FinalProject\Application.cpp(244,27): warning C4305: 'argument': truncation from 'double' to 'float'
E:\Download\Voxel-Like\Voxel-Like\FinalProject\FinalProject\Application.cpp(244,22): warning C4305: 'argument': truncation from 'double' to 'float'
E:\Download\Voxel-Like\Voxel-Like\FinalProject\FinalProject\Application.cpp(249,27): warning C4305: 'argument': truncation from 'double' to 'float'
E:\Download\Voxel-Like\Voxel-Like\FinalProject\FinalProject\Application.cpp(249,21): warning C4305: 'argument': truncation from 'double' to 'float'
E:\Download\Voxel-Like\Voxel-Like\FinalProject\FinalProject\Application.cpp(250,27): warning C4305: 'argument': truncation from 'double' to 'float'
E:\Download\Voxel-Like\Voxel-Like\FinalProject\FinalProject\Application.cpp(250,22): warning C4305: 'argument': truncation from 'double' to 'float'
E:\Download\Voxel-Like\Voxel-Like\FinalProject\FinalProject\Application.cpp(256,27): warning C4305: 'argument': truncation from 'double' to 'float'
E:\Download\Voxel-Like\Voxel-Like\FinalProject\FinalProject\Application.cpp(256,22): warning C4305: 'argument': truncation from 'double' to 'float'
E:\Download\Voxel-Like\Voxel-Like\FinalProject\FinalProject\Application.cpp(262,33): warning C4305: 'argument': truncation from 'double' to 'float'
E:\Download\Voxel-Like\Voxel-Like\FinalProject\FinalProject\Application.cpp(262,27): warning C4305: 'argument': truncation from 'double' to 'float'
E:\Download\Voxel-Like\Voxel-Like\FinalProject\FinalProject\Application.cpp(262,20): warning C4305: 'argument': truncation from 'double' to 'float'
E:\Download\Voxel-Like\Voxel-Like\FinalProject\FinalProject\Application.cpp(263,27): warning C4305: 'argument': truncation from 'double' to 'float'
E:\Download\Voxel-Like\Voxel-Like\FinalProject\FinalProject\Application.cpp(263,22): warning C4305: 'argument': truncation from 'double' to 'float'
E:\Download\Voxel-Like\Voxel-Like\FinalProject\FinalProject\Application.cpp(263,17): warning C4305: 'argument': truncation from 'double' to 'float'
E:\Download\Voxel-Like\Voxel-Like\FinalProject\FinalProject\Application.cpp(267,33): warning C4305: 'argument': truncation from 'double' to 'float'
E:\Download\Voxel-Like\Voxel-Like\FinalProject\FinalProject\Application.cpp(267,27): warning C4305: 'argument': truncation from 'double' to 'float'
E:\Download\Voxel-Like\Voxel-Like\FinalProject\FinalProject\Application.cpp(267,20): warning C4305: 'argument': truncation from 'double' to 'float'
E:\Download\Voxel-Like\Voxel-Like\FinalProject\FinalProject\Application.cpp(271,33): warning C4305: 'argument': truncation from 'double' to 'float'
E:\Download\Voxel-Like\Voxel-Like\FinalProject\FinalProject\Application.cpp(271,27): warning C4305: 'argument': truncation from 'double' to 'float'
E:\Download\Voxel-Like\Voxel-Like\FinalProject\FinalProject\Application.cpp(271,20): warning C4305: 'argument': truncation from 'double' to 'float'
E:\Download\Voxel-Like\Voxel-Like\FinalProject\FinalProject\Application.cpp(275,33): warning C4305: 'argument': truncation from 'double' to 'float'
E:\Download\Voxel-Like\Voxel-Like\FinalProject\FinalProject\Application.cpp(275,27): warning C4305: 'argument': truncation from 'double' to 'float'
E:\Download\Voxel-Like\Voxel-Like\FinalProject\FinalProject\Application.cpp(275,20): warning C4305: 'argument': truncation from 'double' to 'float'
E:\Download\Voxel-Like\Voxel-Like\FinalProject\FinalProject\Application.cpp(280,26): warning C4305: 'argument': truncation from 'double' to 'float'
E:\Download\Voxel-Like\Voxel-Like\FinalProject\FinalProject\Application.cpp(280,20): warning C4305: 'argument': truncation from 'double' to 'float'
E:\Download\Voxel-Like\Voxel-Like\FinalProject\FinalProject\Application.cpp(281,27): warning C4305: 'argument': truncation from 'double' to 'float'
E:\Download\Voxel-Like\Voxel-Like\FinalProject\FinalProject\Application.cpp(281,22): warning C4305: 'argument': truncation from 'double' to 'float'
E:\Download\Voxel-Like\Voxel-Like\FinalProject\FinalProject\Application.cpp(286,25): warning C4305: 'argument': truncation from 'double' to 'float'
E:\Download\Voxel-Like\Voxel-Like\FinalProject\FinalProject\Application.cpp(287,27): warning C4305: 'argument': truncation from 'double' to 'float'
E:\Download\Voxel-Like\Voxel-Like\FinalProject\FinalProject\Application.cpp(287,22): warning C4305: 'argument': truncation from 'double' to 'float'
E:\Download\Voxel-Like\Voxel-Like\FinalProject\FinalProject\Application.cpp(292,26): warning C4305: 'argument': truncation from 'double' to 'float'
E:\Download\Voxel-Like\Voxel-Like\FinalProject\FinalProject\Application.cpp(292,20): warning C4305: 'argument': truncation from 'double' to 'float'
E:\Download\Voxel-Like\Voxel-Like\FinalProject\FinalProject\Application.cpp(293,27): warning C4305: 'argument': truncation from 'double' to 'float'
E:\Download\Voxel-Like\Voxel-Like\FinalProject\FinalProject\Application.cpp(293,22): warning C4305: 'argument': truncation from 'double' to 'float'
E:\Download\Voxel-Like\Voxel-Like\FinalProject\FinalProject\Application.cpp(299,27): warning C4305: 'argument': truncation from 'double' to 'float'
E:\Download\Voxel-Like\Voxel-Like\FinalProject\FinalProject\Application.cpp(299,22): warning C4305: 'argument': truncation from 'double' to 'float'
E:\Download\Voxel-Like\Voxel-Like\FinalProject\FinalProject\Application.cpp(305,33): warning C4305: 'argument': truncation from 'double' to 'float'
E:\Download\Voxel-Like\Voxel-Like\FinalProject\FinalProject\Application.cpp(305,27): warning C4305: 'argument': truncation from 'double' to 'float'
E:\Download\Voxel-Like\Voxel-Like\FinalProject\FinalProject\Application.cpp(305,20): warning C4305: 'argument': truncation from 'double' to 'float'
E:\Download\Voxel-Like\Voxel-Like\FinalProject\FinalProject\Application.cpp(306,27): warning C4305: 'argument': truncation from 'double' to 'float'
E:\Download\Voxel-Like\Voxel-Like\FinalProject\FinalProject\Application.cpp(306,22): warning C4305: 'argument': truncation from 'double' to 'float'
E:\Download\Voxel-Like\Voxel-Like\FinalProject\FinalProject\Application.cpp(306,17): warning C4305: 'argument': truncation from 'double' to 'float'
E:\Download\Voxel-Like\Voxel-Like\FinalProject\FinalProject\Application.cpp(310,33): warning C4305: 'argument': truncation from 'double' to 'float'
E:\Download\Voxel-Like\Voxel-Like\FinalProject\FinalProject\Application.cpp(310,27): warning C4305: 'argument': truncation from 'double' to 'float'
E:\Download\Voxel-Like\Voxel-Like\FinalProject\FinalProject\Application.cpp(310,20): warning C4305: 'argument': truncation from 'double' to 'float'
E:\Download\Voxel-Like\Voxel-Like\FinalProject\FinalProject\Application.cpp(314,33): warning C4305: 'argument': truncation from 'double' to 'float'
E:\Download\Voxel-Like\Voxel-Like\FinalProject\FinalProject\Application.cpp(314,27): warning C4305: 'argument': truncation from 'double' to 'float'
E:\Download\Voxel-Like\Voxel-Like\FinalProject\FinalProject\Application.cpp(314,20): warning C4305: 'argument': truncation from 'double' to 'float'
E:\Download\Voxel-Like\Voxel-Like\FinalProject\FinalProject\Application.cpp(318,33): warning C4305: 'argument': truncation from 'double' to 'float'
E:\Download\Voxel-Like\Voxel-Like\FinalProject\FinalProject\Application.cpp(318,27): warning C4305: 'argument': truncation from 'double' to 'float'
E:\Download\Voxel-Like\Voxel-Like\FinalProject\FinalProject\Application.cpp(318,20): warning C4305: 'argument': truncation from 'double' to 'float'
E:\Download\Voxel-Like\Voxel-Like\FinalProject\FinalProject\Application.cpp(323,26): warning C4305: 'argument': truncation from 'double' to 'float'
E:\Download\Voxel-Like\Voxel-Like\FinalProject\FinalProject\Application.cpp(323,20): warning C4305: 'argument': truncation from 'double' to 'float'
E:\Download\Voxel-Like\Voxel-Like\FinalProject\FinalProject\Application.cpp(324,27): warning C4305: 'argument': truncation from 'double' to 'float'
E:\Download\Voxel-Like\Voxel-Like\FinalProject\FinalProject\Application.cpp(324,22): warning C4305: 'argument': truncation from 'double' to 'float'
E:\Download\Voxel-Like\Voxel-Like\FinalProject\FinalProject\Application.cpp(329,25): warning C4305: 'argument': truncation from 'double' to 'float'
E:\Download\Voxel-Like\Voxel-Like\FinalProject\FinalProject\Application.cpp(330,27): warning C4305: 'argument': truncation from 'double' to 'float'
E:\Download\Voxel-Like\Voxel-Like\FinalProject\FinalProject\Application.cpp(330,22): warning C4305: 'argument': truncation from 'double' to 'float'
E:\Download\Voxel-Like\Voxel-Like\FinalProject\FinalProject\Application.cpp(335,26): warning C4305: 'argument': truncation from 'double' to 'float'
E:\Download\Voxel-Like\Voxel-Like\FinalProject\FinalProject\Application.cpp(335,20): warning C4305: 'argument': truncation from 'double' to 'float'
E:\Download\Voxel-Like\Voxel-Like\FinalProject\FinalProject\Application.cpp(336,27): warning C4305: 'argument': truncation from 'double' to 'float'
E:\Download\Voxel-Like\Voxel-Like\FinalProject\FinalProject\Application.cpp(336,22): warning C4305: 'argument': truncation from 'double' to 'float'
E:\Download\Voxel-Like\Voxel-Like\FinalProject\FinalProject\Application.cpp(341,27): warning C4305: 'argument': truncation from 'double' to 'float'
E:\Download\Voxel-Like\Voxel-Like\FinalProject\FinalProject\Application.cpp(341,21): warning C4305: 'argument': truncation from 'double' to 'float'
E:\Download\Voxel-Like\Voxel-Like\FinalProject\FinalProject\Application.cpp(342,17): warning C4305: 'argument': truncation from 'double' to 'float'
E:\Download\Voxel-Like\Voxel-Like\FinalProject\FinalProject\Application.cpp(347,26): warning C4305: 'argument': truncation from 'double' to 'float'
E:\Download\Voxel-Like\Voxel-Like\FinalProject\FinalProject\Application.cpp(347,20): warning C4305: 'argument': truncation from 'double' to 'float'
E:\Download\Voxel-Like\Voxel-Like\FinalProject\FinalProject\Application.cpp(348,17): warning C4305: 'argument': truncation from 'double' to 'float'
E:\Download\Voxel-Like\Voxel-Like\FinalProject\FinalProject\Application.cpp(353,25): warning C4305: 'argument': truncation from 'double' to 'float'
E:\Download\Voxel-Like\Voxel-Like\FinalProject\FinalProject\Application.cpp(353,20): warning C4305: 'argument': truncation from 'double' to 'float'
E:\Download\Voxel-Like\Voxel-Like\FinalProject\FinalProject\Application.cpp(354,17): warning C4305: 'argument': truncation from 'double' to 'float'
E:\Download\Voxel-Like\Voxel-Like\FinalProject\FinalProject\Application.cpp(359,31): warning C4305: 'argument': truncation from 'double' to 'float'
E:\Download\Voxel-Like\Voxel-Like\FinalProject\FinalProject\Application.cpp(359,25): warning C4305: 'argument': truncation from 'double' to 'float'
E:\Download\Voxel-Like\Voxel-Like\FinalProject\FinalProject\Application.cpp(359,20): warning C4305: 'argument': truncation from 'double' to 'float'
E:\Download\Voxel-Like\Voxel-Like\FinalProject\FinalProject\Application.cpp(360,28): warning C4305: 'argument': truncation from 'double' to 'float'
E:\Download\Voxel-Like\Voxel-Like\FinalProject\FinalProject\Application.cpp(365,30): warning C4305: 'argument': truncation from 'double' to 'float'
E:\Download\Voxel-Like\Voxel-Like\FinalProject\FinalProject\Application.cpp(365,20): warning C4305: 'argument': truncation from 'double' to 'float'
E:\Download\Voxel-Like\Voxel-Like\FinalProject\FinalProject\Application.cpp(366,27): warning C4305: 'argument': truncation from 'double' to 'float'
E:\Download\Voxel-Like\Voxel-Like\FinalProject\FinalProject\Application.cpp(371,30): warning C4305: 'argument': truncation from 'double' to 'float'
E:\Download\Voxel-Like\Voxel-Like\FinalProject\FinalProject\Application.cpp(371,25): warning C4305: 'argument': truncation from 'double' to 'float'
E:\Download\Voxel-Like\Voxel-Like\FinalProject\FinalProject\Application.cpp(371,20): warning C4305: 'argument': truncation from 'double' to 'float'
E:\Download\Voxel-Like\Voxel-Like\FinalProject\FinalProject\Application.cpp(372,27): warning C4305: 'argument': truncation from 'double' to 'float'
E:\Download\Voxel-Like\Voxel-Like\FinalProject\FinalProject\Application.cpp(372,17): warning C4305: 'argument': truncation from 'double' to 'float'
E:\Download\Voxel-Like\Voxel-Like\FinalProject\FinalProject\Application.cpp(377,32): warning C4305: 'argument': truncation from 'double' to 'float'
E:\Download\Voxel-Like\Voxel-Like\FinalProject\FinalProject\Application.cpp(377,25): warning C4305: 'argument': truncation from 'double' to 'float'
E:\Download\Voxel-Like\Voxel-Like\FinalProject\FinalProject\Application.cpp(377,20): warning C4305: 'argument': truncation from 'double' to 'float'
E:\Download\Voxel-Like\Voxel-Like\FinalProject\FinalProject\Application.cpp(378,28): warning C4305: 'argument': truncation from 'double' to 'float'
E:\Download\Voxel-Like\Voxel-Like\FinalProject\FinalProject\Application.cpp(383,20): warning C4305: 'argument': truncation from 'double' to 'float'
E:\Download\Voxel-Like\Voxel-Like\FinalProject\FinalProject\Application.cpp(384,23): warning C4305: 'argument': truncation from 'double' to 'float'
E:\Download\Voxel-Like\Voxel-Like\FinalProject\FinalProject\Application.cpp(389,20): warning C4305: 'argument': truncation from 'double' to 'float'
E:\Download\Voxel-Like\Voxel-Like\FinalProject\FinalProject\Application.cpp(390,23): warning C4305: 'argument': truncation from 'double' to 'float'
E:\Download\Voxel-Like\Voxel-Like\FinalProject\FinalProject\Application.cpp(400,9): warning C4244: '+=': conversion from 'double' to 'float', possible loss of data
E:\Download\Voxel-Like\Voxel-Like\FinalProject\FinalProject\Application.cpp(401,11): warning C4244: '+=': conversion from 'double' to 'float', possible loss of data
E:\Download\Voxel-Like\Voxel-Like\FinalProject\FinalProject\Application.cpp(433,11): warning C4244: '=': conversion from 'double' to 'float', possible loss of data
E:\Download\Voxel-Like\Voxel-Like\FinalProject\FinalProject\Application.cpp(434,11): warning C4244: '=': conversion from 'double' to 'float', possible loss of data
E:\Download\Voxel-Like\Voxel-Like\FinalProject\FinalProject\Application.cpp(438,16): warning C4244: 'initializing': conversion from 'double' to 'float', possible loss of data
E:\Download\Voxel-Like\Voxel-Like\FinalProject\FinalProject\Application.cpp(439,16): warning C4244: 'initializing': conversion from 'double' to 'float', possible loss of data
E:\Download\Voxel-Like\Voxel-Like\FinalProject\FinalProject\Application.cpp(440,10): warning C4244: '=': conversion from 'double' to 'float', possible loss of data
E:\Download\Voxel-Like\Voxel-Like\FinalProject\FinalProject\Application.cpp(441,10): warning C4244: '=': conversion from 'double' to 'float', possible loss of data
  Generating code
  1 of 327 functions ( 0.3%) were compiled, the rest were copied from previous compilation.
    0 functions were new in current compilation
    1 functions had inline decision re-evaluated but remain unchanged
  Finished generating code
  FinalProject.vcxproj -> E:\Download\Voxel-Like\Voxel-Like\FinalProject\Release\FinalProject.exe
